<?xml version="1.0" encoding="UTF-8"?>
<!-- Generated by org.testng.reporters.JUnitReportReporter -->
<testsuite skipped="0" hostname="LAPTOP-87SVGSB0" name="runner.RunTest" tests="2" failures="0" timestamp="2019-12-28T13:01:21 IST" time="22.177" errors="0">
  <testcase name="runScenario" time="10.233" classname="runner.RunTest"/>
  <testcase name="runScenario" time="11.944" classname="runner.RunTest"/>
</testsuite> <!-- runner.RunTest -->
